<?xml version="1.0" encoding="UTF-8"?>
<!-- Generated by org.testng.reporters.JUnitReportReporter -->
<testsuite skipped="0" hostname="INCHEXTSLT026" name="com.pos.testcases.CreateNewCutomer" tests="1" failures="0" timestamp="2023-09-30T10:10:13 IST" time="30.166" errors="0">
  <testcase name="runLogin" time="30.166" classname="com.pos.testcases.CreateNewCutomer"/>
  <system-out/>
</testsuite> <!-- com.pos.testcases.CreateNewCutomer -->
